<?xml version="1.0" encoding="UTF-8"?>
<!-- Generated by org.testng.reporters.JUnitXMLReporter -->
<testsuite hostname="ETVL114568" ignored="0" name="Default test" tests="9" failures="0" timestamp="09 Oct 2019 11:44:35 GMT" time="83.804" errors="0">
  <testcase name="TapOnSkipButton" time="4.128" classname="com.ecom.amazon.TestSteps.SignInScreenTestSteps"/>
  <testcase name="ClickOnNoThanksButton" time="1.504" classname="com.ecom.amazon.TestSteps.SignInScreenTestSteps"/>
  <testcase name="ProductSearch" time="3.796" classname="com.ecom.amazon.TestSteps.SignInScreenTestSteps"/>
  <testcase name="ScrollAndSelectProduct" time="11.308" classname="com.ecom.amazon.TestSteps.SignInScreenTestSteps"/>
  <testcase name="SwipeAndClickOnBuyNow" time="33.229" classname="com.ecom.amazon.TestSteps.SignInScreenTestSteps"/>
  <testcase name="EnterUserName" time="8.474" classname="com.ecom.amazon.TestSteps.SignInScreenTestSteps"/>
  <testcase name="ClickOnContinueButton" time="0.129" classname="com.ecom.amazon.TestSteps.SignInScreenTestSteps"/>
  <testcase name="EnterPassword" time="6.951" classname="com.ecom.amazon.TestSteps.SignInScreenTestSteps"/>
  <testcase name="ClickOnLoginButton" time="3.124" classname="com.ecom.amazon.TestSteps.SignInScreenTestSteps"/>
</testsuite> <!-- Default test -->
