<?xml version="1.0" encoding="UTF-8"?>
<!-- Generated by org.testng.reporters.JUnitXMLReporter -->
<testsuite hostname="ETVL114568" ignored="0" name="Default test" tests="10" failures="0" timestamp="09 Oct 2019 14:35:51 GMT" time="91.036" errors="0">
  <testcase name="TapOnSkipButton" time="4.018" classname="com.ecom.amazon.TestSteps.SignInScreenTestSteps"/>
  <testcase name="ClickOnNoThanksButton" time="2.936" classname="com.ecom.amazon.TestSteps.SignInScreenTestSteps"/>
  <testcase name="ProductSearch" time="3.951" classname="com.ecom.amazon.TestSteps.SignInScreenTestSteps"/>
  <testcase name="ScrollAndSelectProduct" time="12.112" classname="com.ecom.amazon.TestSteps.SignInScreenTestSteps"/>
  <testcase name="SwipeAndClickOnBuyNow" time="33.929" classname="com.ecom.amazon.TestSteps.SignInScreenTestSteps"/>
  <testcase name="EnterUserName" time="12.362" classname="com.ecom.amazon.TestSteps.SignInScreenTestSteps"/>
  <testcase name="ClickOnContinueButton" time="0.184" classname="com.ecom.amazon.TestSteps.SignInScreenTestSteps"/>
  <testcase name="EnterPassword" time="6.857" classname="com.ecom.amazon.TestSteps.SignInScreenTestSteps"/>
  <testcase name="ClickOnLoginButton" time="3.113" classname="com.ecom.amazon.TestSteps.SignInScreenTestSteps"/>
  <testcase name="VerifyProduct" time="0.007" classname="com.ecom.amazon.TestSteps.SignInScreenTestSteps"/>
</testsuite> <!-- Default test -->
