<?xml version="1.0" encoding="UTF-8"?>
<!-- Generated by org.testng.reporters.JUnitXMLReporter -->
<testsuite hostname="ETVL114568" ignored="0" name="Test" tests="10" failures="0" timestamp="09 Oct 2019 11:55:03 GMT" time="92.514" errors="0">
  <testcase name="TapOnSkipButton" time="3.469" classname="com.ecom.amazon.TestSteps.SignInScreenTestSteps"/>
  <testcase name="ClickOnNoThanksButton" time="3.281" classname="com.ecom.amazon.TestSteps.SignInScreenTestSteps"/>
  <testcase name="ProductSearch" time="3.579" classname="com.ecom.amazon.TestSteps.SignInScreenTestSteps"/>
  <testcase name="ScrollAndSelectProduct" time="10.922" classname="com.ecom.amazon.TestSteps.SignInScreenTestSteps"/>
  <testcase name="SwipeAndClickOnBuyNow" time="37.714" classname="com.ecom.amazon.TestSteps.SignInScreenTestSteps"/>
  <testcase name="EnterUserName" time="12.424" classname="com.ecom.amazon.TestSteps.SignInScreenTestSteps"/>
  <testcase name="ClickOnContinueButton" time="0.143" classname="com.ecom.amazon.TestSteps.SignInScreenTestSteps"/>
  <testcase name="EnterPassword" time="6.191" classname="com.ecom.amazon.TestSteps.SignInScreenTestSteps"/>
  <testcase name="ClickOnLoginButton" time="3.596" classname="com.ecom.amazon.TestSteps.SignInScreenTestSteps"/>
  <testcase name="VerifyProduct" time="0.002" classname="com.ecom.amazon.TestSteps.SignInScreenTestSteps"/>
</testsuite> <!-- Test -->
