<?xml version="1.0" encoding="UTF-8"?>
<testng-results skipped="0" failed="0" ignored="0" total="10" passed="10">
  <reporter-output>
  </reporter-output>
  <suite name="Suite" duration-ms="92514" started-at="2019-10-09T11:53:31Z" finished-at="2019-10-09T11:55:03Z">
    <groups>
    </groups>
    <test name="Test" duration-ms="92514" started-at="2019-10-09T11:53:31Z" finished-at="2019-10-09T11:55:03Z">
      <class name="com.ecom.amazon.TestSteps.SignInScreenTestSteps">
        <test-method status="PASS" signature="capabilities()[pri:0, instance:com.ecom.amazon.TestSteps.SignInScreenTestSteps@1bb266b3]" name="capabilities" is-config="true" duration-ms="28731" started-at="2019-10-09T17:23:02Z" finished-at="2019-10-09T17:23:31Z">
          <reporter-output>
          </reporter-output>
        </test-method> <!-- capabilities -->
        <test-method status="PASS" signature="TapOnSkipButton()[pri:1, instance:com.ecom.amazon.TestSteps.SignInScreenTestSteps@1bb266b3]" name="TapOnSkipButton" duration-ms="3469" started-at="2019-10-09T17:23:31Z" finished-at="2019-10-09T17:23:34Z">
          <reporter-output>
          </reporter-output>
        </test-method> <!-- TapOnSkipButton -->
        <test-method status="PASS" signature="tearDownMethod(org.testng.ITestResult)[pri:0, instance:com.ecom.amazon.TestSteps.SignInScreenTestSteps@1bb266b3]" name="tearDownMethod" is-config="true" duration-ms="2192" started-at="2019-10-09T17:23:34Z" finished-at="2019-10-09T17:23:36Z">
          <params>
            <param index="0">
              <value>
                <![CDATA[[TestResult name=TapOnSkipButton status=SUCCESS method=SignInScreenTestSteps.TapOnSkipButton()[pri:1, instance:com.ecom.amazon.TestSteps.SignInScreenTestSteps@1bb266b3] output={null}]]]>
              </value>
            </param>
          </params>
          <reporter-output>
          </reporter-output>
        </test-method> <!-- tearDownMethod -->
        <test-method status="PASS" signature="ClickOnNoThanksButton()[pri:2, instance:com.ecom.amazon.TestSteps.SignInScreenTestSteps@1bb266b3]" name="ClickOnNoThanksButton" duration-ms="3281" started-at="2019-10-09T17:23:36Z" finished-at="2019-10-09T17:23:40Z">
          <reporter-output>
          </reporter-output>
        </test-method> <!-- ClickOnNoThanksButton -->
        <test-method status="PASS" signature="tearDownMethod(org.testng.ITestResult)[pri:0, instance:com.ecom.amazon.TestSteps.SignInScreenTestSteps@1bb266b3]" name="tearDownMethod" is-config="true" duration-ms="1663" started-at="2019-10-09T17:23:40Z" finished-at="2019-10-09T17:23:41Z">
          <params>
            <param index="0">
              <value>
                <![CDATA[[TestResult name=ClickOnNoThanksButton status=SUCCESS method=SignInScreenTestSteps.ClickOnNoThanksButton()[pri:2, instance:com.ecom.amazon.TestSteps.SignInScreenTestSteps@1bb266b3] output={null}]]]>
              </value>
            </param>
          </params>
          <reporter-output>
          </reporter-output>
        </test-method> <!-- tearDownMethod -->
        <test-method status="PASS" signature="ProductSearch()[pri:3, instance:com.ecom.amazon.TestSteps.SignInScreenTestSteps@1bb266b3]" name="ProductSearch" duration-ms="3579" started-at="2019-10-09T17:23:41Z" finished-at="2019-10-09T17:23:45Z">
          <reporter-output>
          </reporter-output>
        </test-method> <!-- ProductSearch -->
        <test-method status="PASS" signature="tearDownMethod(org.testng.ITestResult)[pri:0, instance:com.ecom.amazon.TestSteps.SignInScreenTestSteps@1bb266b3]" name="tearDownMethod" is-config="true" duration-ms="842" started-at="2019-10-09T17:23:45Z" finished-at="2019-10-09T17:23:46Z">
          <params>
            <param index="0">
              <value>
                <![CDATA[[TestResult name=ProductSearch status=SUCCESS method=SignInScreenTestSteps.ProductSearch()[pri:3, instance:com.ecom.amazon.TestSteps.SignInScreenTestSteps@1bb266b3] output={null}]]]>
              </value>
            </param>
          </params>
          <reporter-output>
          </reporter-output>
        </test-method> <!-- tearDownMethod -->
        <test-method status="PASS" signature="ScrollAndSelectProduct()[pri:4, instance:com.ecom.amazon.TestSteps.SignInScreenTestSteps@1bb266b3]" name="ScrollAndSelectProduct" duration-ms="10922" started-at="2019-10-09T17:23:46Z" finished-at="2019-10-09T17:23:57Z">
          <reporter-output>
          </reporter-output>
        </test-method> <!-- ScrollAndSelectProduct -->
        <test-method status="PASS" signature="tearDownMethod(org.testng.ITestResult)[pri:0, instance:com.ecom.amazon.TestSteps.SignInScreenTestSteps@1bb266b3]" name="tearDownMethod" is-config="true" duration-ms="922" started-at="2019-10-09T17:23:57Z" finished-at="2019-10-09T17:23:58Z">
          <params>
            <param index="0">
              <value>
                <![CDATA[[TestResult name=ScrollAndSelectProduct status=SUCCESS method=SignInScreenTestSteps.ScrollAndSelectProduct()[pri:4, instance:com.ecom.amazon.TestSteps.SignInScreenTestSteps@1bb266b3] output={null}]]]>
              </value>
            </param>
          </params>
          <reporter-output>
          </reporter-output>
        </test-method> <!-- tearDownMethod -->
        <test-method status="PASS" signature="SwipeAndClickOnBuyNow()[pri:5, instance:com.ecom.amazon.TestSteps.SignInScreenTestSteps@1bb266b3]" name="SwipeAndClickOnBuyNow" duration-ms="37714" started-at="2019-10-09T17:23:58Z" finished-at="2019-10-09T17:24:35Z">
          <reporter-output>
          </reporter-output>
        </test-method> <!-- SwipeAndClickOnBuyNow -->
        <test-method status="PASS" signature="tearDownMethod(org.testng.ITestResult)[pri:0, instance:com.ecom.amazon.TestSteps.SignInScreenTestSteps@1bb266b3]" name="tearDownMethod" is-config="true" duration-ms="1180" started-at="2019-10-09T17:24:35Z" finished-at="2019-10-09T17:24:37Z">
          <params>
            <param index="0">
              <value>
                <![CDATA[[TestResult name=SwipeAndClickOnBuyNow status=SUCCESS method=SignInScreenTestSteps.SwipeAndClickOnBuyNow()[pri:5, instance:com.ecom.amazon.TestSteps.SignInScreenTestSteps@1bb266b3] output={null}]]]>
              </value>
            </param>
          </params>
          <reporter-output>
          </reporter-output>
        </test-method> <!-- tearDownMethod -->
        <test-method status="PASS" signature="EnterUserName()[pri:6, instance:com.ecom.amazon.TestSteps.SignInScreenTestSteps@1bb266b3]" name="EnterUserName" duration-ms="12424" started-at="2019-10-09T17:24:37Z" finished-at="2019-10-09T17:24:49Z">
          <reporter-output>
          </reporter-output>
        </test-method> <!-- EnterUserName -->
        <test-method status="PASS" signature="tearDownMethod(org.testng.ITestResult)[pri:0, instance:com.ecom.amazon.TestSteps.SignInScreenTestSteps@1bb266b3]" name="tearDownMethod" is-config="true" duration-ms="769" started-at="2019-10-09T17:24:49Z" finished-at="2019-10-09T17:24:50Z">
          <params>
            <param index="0">
              <value>
                <![CDATA[[TestResult name=EnterUserName status=SUCCESS method=SignInScreenTestSteps.EnterUserName()[pri:6, instance:com.ecom.amazon.TestSteps.SignInScreenTestSteps@1bb266b3] output={null}]]]>
              </value>
            </param>
          </params>
          <reporter-output>
          </reporter-output>
        </test-method> <!-- tearDownMethod -->
        <test-method status="PASS" signature="ClickOnContinueButton()[pri:7, instance:com.ecom.amazon.TestSteps.SignInScreenTestSteps@1bb266b3]" name="ClickOnContinueButton" duration-ms="143" started-at="2019-10-09T17:24:50Z" finished-at="2019-10-09T17:24:50Z">
          <reporter-output>
          </reporter-output>
        </test-method> <!-- ClickOnContinueButton -->
        <test-method status="PASS" signature="tearDownMethod(org.testng.ITestResult)[pri:0, instance:com.ecom.amazon.TestSteps.SignInScreenTestSteps@1bb266b3]" name="tearDownMethod" is-config="true" duration-ms="948" started-at="2019-10-09T17:24:50Z" finished-at="2019-10-09T17:24:51Z">
          <params>
            <param index="0">
              <value>
                <![CDATA[[TestResult name=ClickOnContinueButton status=SUCCESS method=SignInScreenTestSteps.ClickOnContinueButton()[pri:7, instance:com.ecom.amazon.TestSteps.SignInScreenTestSteps@1bb266b3] output={null}]]]>
              </value>
            </param>
          </params>
          <reporter-output>
          </reporter-output>
        </test-method> <!-- tearDownMethod -->
        <test-method status="PASS" signature="EnterPassword()[pri:8, instance:com.ecom.amazon.TestSteps.SignInScreenTestSteps@1bb266b3]" name="EnterPassword" duration-ms="6191" started-at="2019-10-09T17:24:51Z" finished-at="2019-10-09T17:24:57Z">
          <reporter-output>
          </reporter-output>
        </test-method> <!-- EnterPassword -->
        <test-method status="PASS" signature="tearDownMethod(org.testng.ITestResult)[pri:0, instance:com.ecom.amazon.TestSteps.SignInScreenTestSteps@1bb266b3]" name="tearDownMethod" is-config="true" duration-ms="660" started-at="2019-10-09T17:24:57Z" finished-at="2019-10-09T17:24:58Z">
          <params>
            <param index="0">
              <value>
                <![CDATA[[TestResult name=EnterPassword status=SUCCESS method=SignInScreenTestSteps.EnterPassword()[pri:8, instance:com.ecom.amazon.TestSteps.SignInScreenTestSteps@1bb266b3] output={null}]]]>
              </value>
            </param>
          </params>
          <reporter-output>
          </reporter-output>
        </test-method> <!-- tearDownMethod -->
        <test-method status="PASS" signature="ClickOnLoginButton()[pri:9, instance:com.ecom.amazon.TestSteps.SignInScreenTestSteps@1bb266b3]" name="ClickOnLoginButton" duration-ms="3596" started-at="2019-10-09T17:24:58Z" finished-at="2019-10-09T17:25:01Z">
          <reporter-output>
          </reporter-output>
        </test-method> <!-- ClickOnLoginButton -->
        <test-method status="PASS" signature="tearDownMethod(org.testng.ITestResult)[pri:0, instance:com.ecom.amazon.TestSteps.SignInScreenTestSteps@1bb266b3]" name="tearDownMethod" is-config="true" duration-ms="898" started-at="2019-10-09T17:25:01Z" finished-at="2019-10-09T17:25:02Z">
          <params>
            <param index="0">
              <value>
                <![CDATA[[TestResult name=ClickOnLoginButton status=SUCCESS method=SignInScreenTestSteps.ClickOnLoginButton()[pri:9, instance:com.ecom.amazon.TestSteps.SignInScreenTestSteps@1bb266b3] output={null}]]]>
              </value>
            </param>
          </params>
          <reporter-output>
          </reporter-output>
        </test-method> <!-- tearDownMethod -->
        <test-method status="PASS" signature="VerifyProduct()[pri:10, instance:com.ecom.amazon.TestSteps.SignInScreenTestSteps@1bb266b3]" name="VerifyProduct" duration-ms="2" started-at="2019-10-09T17:25:02Z" finished-at="2019-10-09T17:25:02Z">
          <reporter-output>
          </reporter-output>
        </test-method> <!-- VerifyProduct -->
        <test-method status="PASS" signature="tearDownMethod(org.testng.ITestResult)[pri:0, instance:com.ecom.amazon.TestSteps.SignInScreenTestSteps@1bb266b3]" name="tearDownMethod" is-config="true" duration-ms="1060" started-at="2019-10-09T17:25:02Z" finished-at="2019-10-09T17:25:03Z">
          <params>
            <param index="0">
              <value>
                <![CDATA[[TestResult name=VerifyProduct status=SUCCESS method=SignInScreenTestSteps.VerifyProduct()[pri:10, instance:com.ecom.amazon.TestSteps.SignInScreenTestSteps@1bb266b3] output={null}]]]>
              </value>
            </param>
          </params>
          <reporter-output>
          </reporter-output>
        </test-method> <!-- tearDownMethod -->
        <test-method status="PASS" signature="stopServer()[pri:0, instance:com.ecom.amazon.TestSteps.SignInScreenTestSteps@1bb266b3]" name="stopServer" is-config="true" duration-ms="143" started-at="2019-10-09T17:25:03Z" finished-at="2019-10-09T17:25:04Z">
          <reporter-output>
          </reporter-output>
        </test-method> <!-- stopServer -->
      </class> <!-- com.ecom.amazon.TestSteps.SignInScreenTestSteps -->
    </test> <!-- Test -->
  </suite> <!-- Suite -->
</testng-results>
